0 info it worked if it ends with ok
1 verbose cli [ '/usr/local/bin/node',
1 verbose cli   '/usr/local/bin/npm',
1 verbose cli   'run',
1 verbose cli   'dev:jekyll' ]
2 info using npm@3.10.10
3 info using node@v6.9.5
4 verbose run-script [ 'predev:jekyll', 'dev:jekyll', 'postdev:jekyll' ]
5 info lifecycle openwhisk.apache.org@0.1.0~predev:jekyll: openwhisk.apache.org@0.1.0
6 silly lifecycle openwhisk.apache.org@0.1.0~predev:jekyll: no script for predev:jekyll, continuing
7 info lifecycle openwhisk.apache.org@0.1.0~dev:jekyll: openwhisk.apache.org@0.1.0
8 verbose lifecycle openwhisk.apache.org@0.1.0~dev:jekyll: unsafe-perm in lifecycle true
9 verbose lifecycle openwhisk.apache.org@0.1.0~dev:jekyll: PATH: /usr/local/lib/node_modules/npm/bin/node-gyp-bin:/Users/Matt/openwhisk/release/incubator-openwhisk-website/node_modules/.bin:/Users/Matt/.sdkman/candidates/groovy/current/bin:/usr/local/bin:/usr/bin:/bin:/usr/sbin:/sbin:/usr/local/go/bin:/opt/X11/bin:/usr/local/git/bin:/Users/Matt/go:/Users/Matt/go/bin:/Users/Matt/.rvm/bin
10 verbose lifecycle openwhisk.apache.org@0.1.0~dev:jekyll: CWD: /Users/Matt/openwhisk/release/incubator-openwhisk-website
11 silly lifecycle openwhisk.apache.org@0.1.0~dev:jekyll: Args: [ '-c', 'bundle exec jekyll serve' ]
12 silly lifecycle openwhisk.apache.org@0.1.0~dev:jekyll: Returned: code: 7  signal: null
13 info lifecycle openwhisk.apache.org@0.1.0~dev:jekyll: Failed to exec dev:jekyll script
14 verbose stack Error: openwhisk.apache.org@0.1.0 dev:jekyll: `bundle exec jekyll serve`
14 verbose stack Exit status 7
14 verbose stack     at EventEmitter.<anonymous> (/usr/local/lib/node_modules/npm/lib/utils/lifecycle.js:255:16)
14 verbose stack     at emitTwo (events.js:106:13)
14 verbose stack     at EventEmitter.emit (events.js:191:7)
14 verbose stack     at ChildProcess.<anonymous> (/usr/local/lib/node_modules/npm/lib/utils/spawn.js:40:14)
14 verbose stack     at emitTwo (events.js:106:13)
14 verbose stack     at ChildProcess.emit (events.js:191:7)
14 verbose stack     at maybeClose (internal/child_process.js:877:16)
14 verbose stack     at Process.ChildProcess._handle.onexit (internal/child_process.js:226:5)
15 verbose pkgid openwhisk.apache.org@0.1.0
16 verbose cwd /Users/Matt/openwhisk/release/incubator-openwhisk-website
17 error Darwin 17.7.0
18 error argv "/usr/local/bin/node" "/usr/local/bin/npm" "run" "dev:jekyll"
19 error node v6.9.5
20 error npm  v3.10.10
21 error code ELIFECYCLE
22 error openwhisk.apache.org@0.1.0 dev:jekyll: `bundle exec jekyll serve`
22 error Exit status 7
23 error Failed at the openwhisk.apache.org@0.1.0 dev:jekyll script 'bundle exec jekyll serve'.
23 error Make sure you have the latest version of node.js and npm installed.
23 error If you do, this is most likely a problem with the openwhisk.apache.org package,
23 error not with npm itself.
23 error Tell the author that this fails on your system:
23 error     bundle exec jekyll serve
23 error You can get information on how to open an issue for this project with:
23 error     npm bugs openwhisk.apache.org
23 error Or if that isn't available, you can get their info via:
23 error     npm owner ls openwhisk.apache.org
23 error There is likely additional logging output above.
24 verbose exit [ 1, true ]
